code-creation,Stub,2,0x5c40a000,516,"CEntryStub"
code-creation,Stub,2,0x5c40a220,97,"StoreBufferOverflowStub"
code-creation,Stub,2,0x5c40a2a0,197,"StoreBufferOverflowStub"
code-creation,Stub,2,0x5c40a380,676,"CEntryStub"
code-creation,Stub,2,0x5c40a640,79,"StubFailureTrampolineStub"
code-creation,Stub,2,0x5c40a6a0,80,"StubFailureTrampolineStub"
code-creation,Stub,2,0x5c40a700,257,"ArrayNoArgumentConstructorStub_FAST_SMI_ELEMENTS"
code-creation,Stub,2,0x5c40a820,233,"ArrayNoArgumentConstructorStub_FAST_SMI_ELEMENTS_DISABLE_ALLOCATION_SITES"
code-creation,Stub,2,0x5c40a920,269,"ArrayNoArgumentConstructorStub_FAST_HOLEY_SMI_ELEMENTS"
code-creation,Stub,2,0x5c40aa40,245,"ArrayNoArgumentConstructorStub_FAST_HOLEY_SMI_ELEMENTS_DISABLE_ALLOCATION_SITES"
code-creation,Stub,2,0x5c40ab40,281,"ArrayNoArgumentConstructorStub_FAST_DOUBLE_ELEMENTS"
code-creation,Stub,2,0x5c40ac60,281,"ArrayNoArgumentConstructorStub_FAST_HOLEY_DOUBLE_ELEMENTS"
code-creation,Stub,2,0x5c40ad80,245,"ArrayNoArgumentConstructorStub_FAST_ELEMENTS"
code-creation,Stub,2,0x5c40ae80,245,"ArrayNoArgumentConstructorStub_FAST_HOLEY_ELEMENTS"
code-creation,Stub,2,0x5c40af80,398,"ArraySingleArgumentConstructorStub_FAST_SMI_ELEMENTS"
code-creation,Stub,2,0x5c40b120,370,"ArraySingleArgumentConstructorStub_FAST_SMI_ELEMENTS_DISABLE_ALLOCATION_SITES"
code-creation,Stub,2,0x5c40b2a0,410,"ArraySingleArgumentConstructorStub_FAST_HOLEY_SMI_ELEMENTS"
code-creation,Stub,2,0x5c40b440,382,"ArraySingleArgumentConstructorStub_FAST_HOLEY_SMI_ELEMENTS_DISABLE_ALLOCATION_SITES"
code-creation,Stub,2,0x5c40b5c0,422,"ArraySingleArgumentConstructorStub_FAST_DOUBLE_ELEMENTS"
code-creation,Stub,2,0x5c40b780,422,"ArraySingleArgumentConstructorStub_FAST_HOLEY_DOUBLE_ELEMENTS"
code-creation,Stub,2,0x5c40b940,382,"ArraySingleArgumentConstructorStub_FAST_ELEMENTS"
code-creation,Stub,2,0x5c40bac0,382,"ArraySingleArgumentConstructorStub_FAST_HOLEY_ELEMENTS"
code-creation,Stub,2,0x5c40bc40,386,"ArrayNArgumentsConstructorStub_FAST_SMI_ELEMENTS"
code-creation,Stub,2,0x5c40bde0,362,"ArrayNArgumentsConstructorStub_FAST_SMI_ELEMENTS_DISABLE_ALLOCATION_SITES"
code-creation,Stub,2,0x5c40bf60,398,"ArrayNArgumentsConstructorStub_FAST_HOLEY_SMI_ELEMENTS"
code-creation,Stub,2,0x5c40c100,374,"ArrayNArgumentsConstructorStub_FAST_HOLEY_SMI_ELEMENTS_DISABLE_ALLOCATION_SITES"
code-creation,Stub,2,0x5c40c280,406,"ArrayNArgumentsConstructorStub_FAST_DOUBLE_ELEMENTS"
code-creation,Stub,2,0x5c40c420,406,"ArrayNArgumentsConstructorStub_FAST_HOLEY_DOUBLE_ELEMENTS"
code-creation,Stub,2,0x5c40c5c0,330,"ArrayNArgumentsConstructorStub_FAST_ELEMENTS"
code-creation,Stub,2,0x5c40c720,330,"ArrayNArgumentsConstructorStub_FAST_HOLEY_ELEMENTS"
code-creation,Stub,2,0x5c40c880,1800,"RecordWriteStub"
code-creation,Stub,2,0x5c40cfa0,1789,"RecordWriteStub"
code-creation,Stub,2,0x5c40d6a0,337,"CreateAllocationSiteStub"
code-creation,Stub,10,0x5c40d800,94,"BinaryOpICStub(BIT_OR:None*None->None)"
code-creation,Stub,10,0x5c40d860,94,"BinaryOpICStub(BIT_OR_ReuseLeft:None*None->None)"
code-creation,Stub,10,0x5c40d8c0,94,"BinaryOpICStub(BIT_OR_ReuseRight:None*None->None)"
code-creation,Stub,10,0x5c40d920,94,"BinaryOpICStub(BIT_XOR:None*None->None)"
code-creation,Stub,10,0x5c40d980,94,"BinaryOpICStub(BIT_XOR_ReuseLeft:None*None->None)"
code-creation,Stub,10,0x5c40d9e0,94,"BinaryOpICStub(BIT_XOR_ReuseRight:None*None->None)"
code-creation,Stub,10,0x5c40da40,94,"BinaryOpICStub(BIT_AND:None*None->None)"
code-creation,Stub,10,0x5c40daa0,94,"BinaryOpICStub(BIT_AND_ReuseLeft:None*None->None)"
code-creation,Stub,10,0x5c40db00,94,"BinaryOpICStub(BIT_AND_ReuseRight:None*None->None)"
code-creation,Stub,10,0x5c40db60,94,"BinaryOpICStub(SHL:None*None->None)"
code-creation,Stub,10,0x5c40dbc0,94,"BinaryOpICStub(SHL_ReuseLeft:None*None->None)"
code-creation,Stub,10,0x5c40dc20,94,"BinaryOpICStub(SHL_ReuseRight:None*None->None)"
code-creation,Stub,10,0x5c40dc80,94,"BinaryOpICStub(SAR:None*None->None)"
code-creation,Stub,10,0x5c40dce0,94,"BinaryOpICStub(SAR_ReuseLeft:None*None->None)"
code-creation,Stub,10,0x5c40dd40,94,"BinaryOpICStub(SAR_ReuseRight:None*None->None)"
code-creation,Stub,10,0x5c40dda0,94,"BinaryOpICStub(SHR:None*None->None)"
code-creation,Stub,10,0x5c40de00,94,"BinaryOpICStub(SHR_ReuseLeft:None*None->None)"
code-creation,Stub,10,0x5c40de60,94,"BinaryOpICStub(SHR_ReuseRight:None*None->None)"
code-creation,Stub,10,0x5c40dec0,94,"BinaryOpICStub(ROR:None*None->None)"
code-creation,Stub,10,0x5c40df20,94,"BinaryOpICStub(ROR_ReuseLeft:None*None->None)"
code-creation,Stub,10,0x5c40df80,94,"BinaryOpICStub(ROR_ReuseRight:None*None->None)"
code-creation,Stub,10,0x5c40dfe0,94,"BinaryOpICStub(ADD:None*None->None)"
code-creation,Stub,10,0x5c40e040,94,"BinaryOpICStub(ADD_ReuseLeft:None*None->None)"
code-creation,Stub,10,0x5c40e0a0,94,"BinaryOpICStub(ADD_ReuseRight:None*None->None)"
code-creation,Stub,10,0x5c40e100,94,"BinaryOpICStub(SUB:None*None->None)"
code-creation,Stub,10,0x5c40e160,94,"BinaryOpICStub(SUB_ReuseLeft:None*None->None)"
code-creation,Stub,10,0x5c40e1c0,94,"BinaryOpICStub(SUB_ReuseRight:None*None->None)"
code-creation,Stub,10,0x5c40e220,94,"BinaryOpICStub(MUL:None*None->None)"
code-creation,Stub,10,0x5c40e280,94,"BinaryOpICStub(MUL_ReuseLeft:None*None->None)"
code-creation,Stub,10,0x5c40e2e0,94,"BinaryOpICStub(MUL_ReuseRight:None*None->None)"
code-creation,Stub,10,0x5c40e340,94,"BinaryOpICStub(DIV:None*None->None)"
code-creation,Stub,10,0x5c40e3a0,94,"BinaryOpICStub(DIV_ReuseLeft:None*None->None)"
code-creation,Stub,10,0x5c40e400,94,"BinaryOpICStub(DIV_ReuseRight:None*None->None)"
code-creation,Stub,10,0x5c40e460,94,"BinaryOpICStub(MOD:None*None->None)"
code-creation,Stub,10,0x5c40e4c0,94,"BinaryOpICStub(MOD_ReuseLeft:None*None->None)"
code-creation,Stub,10,0x5c40e520,94,"BinaryOpICStub(MOD_ReuseRight:None*None->None)"
code-creation,Stub,10,0x5c40e580,401,"BinaryOpICStub(ADD:Int32*Int32->Int32)"
code-creation,Stub,10,0x5c40e720,433,"BinaryOpICStub(ADD_ReuseLeft:Int32*Int32->Int32)"
code-creation,Stub,10,0x5c40e8e0,373,"BinaryOpICStub(ADD:Int32*Int32->Number)"
code-creation,Stub,10,0x5c40ea60,397,"BinaryOpICStub(ADD_ReuseLeft:Int32*Int32->Number)"
code-creation,Stub,10,0x5c40ec00,353,"BinaryOpICStub(ADD:Int32*Number->Number)"
code-creation,Stub,10,0x5c40ed80,373,"BinaryOpICStub(ADD_ReuseLeft:Int32*Number->Number)"
code-creation,Stub,10,0x5c40ef00,373,"BinaryOpICStub(ADD_ReuseRight:Int32*Number->Number)"
code-creation,Stub,10,0x5c40f080,345,"BinaryOpICStub(ADD:Int32*Smi->Int32)"
code-creation,Stub,10,0x5c40f1e0,373,"BinaryOpICStub(ADD_ReuseLeft:Int32*Smi->Int32)"
code-creation,Stub,10,0x5c40f360,345,"BinaryOpICStub(ADD_ReuseRight:Int32*Smi->Int32)"
code-creation,Stub,10,0x5c40f4c0,357,"BinaryOpICStub(ADD:Number*Int32->Number)"
code-creation,Stub,10,0x5c40f640,377,"BinaryOpICStub(ADD_ReuseLeft:Number*Int32->Number)"
code-creation,Stub,10,0x5c40f7c0,377,"BinaryOpICStub(ADD_ReuseRight:Number*Int32->Number)"
code-creation,Stub,10,0x5c40f940,317,"BinaryOpICStub(ADD:Number*Number->Number)"
code-creation,Stub,10,0x5c40fa80,337,"BinaryOpICStub(ADD_ReuseLeft:Number*Number->Number)"
code-creation,Stub,10,0x5c40fbe0,337,"BinaryOpICStub(ADD_ReuseRight:Number*Number->Number)"
code-creation,Stub,10,0x5c40fd40,285,"BinaryOpICStub(ADD:Number*Smi->Number)"
code-creation,Stub,10,0x5c40fe60,309,"BinaryOpICStub(ADD_ReuseLeft:Number*Smi->Number)"
code-creation,Stub,10,0x5c40ffa0,285,"BinaryOpICStub(ADD_ReuseRight:Number*Smi->Number)"
code-creation,Stub,10,0x5c4100c0,329,"BinaryOpICStub(ADD:Smi*Int32->Int32)"
code-creation,Stub,10,0x5c410220,329,"BinaryOpICStub(ADD_ReuseLeft:Smi*Int32->Int32)"
code-creation,Stub,10,0x5c410380,325,"BinaryOpICStub(ADD:Smi*Int32->Number)"
code-creation,Stub,10,0x5c4104e0,285,"BinaryOpICStub(ADD:Smi*Number->Number)"
code-creation,Stub,10,0x5c410600,285,"BinaryOpICStub(ADD_ReuseLeft:Smi*Number->Number)"
code-creation,Stub,10,0x5c410720,305,"BinaryOpICStub(ADD_ReuseRight:Smi*Number->Number)"
code-creation,Stub,10,0x5c410860,261,"BinaryOpICStub(ADD_ReuseLeft:Smi*Smi->Int32)"
code-creation,Stub,10,0x5c410980,148,"BinaryOpICStub(ADD_ReuseRight:Smi*Smi->Smi)"
code-creation,Stub,2,0x5c410a20,172,"DoubleToIStub"
code-creation,Stub,2,0x5c410ae0,172,"DoubleToIStub"
code-creation,Stub,10,0x5c410ba0,493,"BinaryOpICStub(BIT_AND:Int32*Int32->Int32)"
code-creation,Stub,10,0x5c410da0,521,"BinaryOpICStub(BIT_AND_ReuseLeft:Int32*Int32->Int32)"
code-creation,Stub,10,0x5c410fc0,517,"BinaryOpICStub(BIT_AND_ReuseRight:Int32*Int32->Int32)"
code-creation,Stub,10,0x5c4111e0,404,"BinaryOpICStub(BIT_AND:Int32*Int32->Smi)"
code-creation,Stub,10,0x5c411380,404,"BinaryOpICStub(BIT_AND_ReuseRight:Int32*Int32->Smi)"
code-creation,Stub,10,0x5c411520,389,"BinaryOpICStub(BIT_AND:Int32*Smi->Int32)"
code-creation,Stub,10,0x5c4116c0,389,"BinaryOpICStub(BIT_AND_ReuseRight:Int32*Smi->Int32)"
code-creation,Stub,10,0x5c411860,280,"BinaryOpICStub(BIT_AND:Int32*Smi->Smi)"
code-creation,Stub,10,0x5c411980,280,"BinaryOpICStub(BIT_AND_ReuseLeft:Int32*Smi->Smi)"
code-creation,Stub,10,0x5c411aa0,280,"BinaryOpICStub(BIT_AND_ReuseRight:Int32*Smi->Smi)"
code-creation,Stub,10,0x5c411bc0,517,"BinaryOpICStub(BIT_AND_ReuseRight:Number*Int32->Int32)"
code-creation,Stub,10,0x5c411de0,280,"BinaryOpICStub(BIT_AND:Number*Smi->Smi)"
code-creation,Stub,10,0x5c411f00,280,"BinaryOpICStub(BIT_AND_ReuseRight:Number*Smi->Smi)"
code-creation,Stub,10,0x5c412020,389,"BinaryOpICStub(BIT_AND:Smi*Int32->Int32)"
code-creation,Stub,10,0x5c4121c0,280,"BinaryOpICStub(BIT_AND_ReuseRight:Smi*Int32->Smi)"
code-creation,Stub,10,0x5c4122e0,280,"BinaryOpICStub(BIT_AND_ReuseRight:Smi*Number->Smi)"
code-creation,Stub,10,0x5c412400,136,"BinaryOpICStub(BIT_AND:Smi*Smi->Smi)"
code-creation,Stub,10,0x5c4124a0,136,"BinaryOpICStub(BIT_AND_ReuseLeft:Smi*Smi->Smi)"
code-creation,Stub,10,0x5c412540,136,"BinaryOpICStub(BIT_AND_ReuseRight:Smi*Smi->Smi)"
code-creation,Stub,10,0x5c4125e0,521,"BinaryOpICStub(BIT_OR_ReuseLeft:Int32*Int32->Int32)"
code-creation,Stub,10,0x5c412800,517,"BinaryOpICStub(BIT_OR_ReuseRight:Int32*Int32->Int32)"
code-creation,Stub,10,0x5c412a20,404,"BinaryOpICStub(BIT_OR_ReuseLeft:Int32*Int32->Smi)"
code-creation,Stub,10,0x5c412bc0,389,"BinaryOpICStub(BIT_OR:Int32*Smi->Int32)"
code-creation,Stub,10,0x5c412d60,417,"BinaryOpICStub(BIT_OR_ReuseLeft:Int32*Smi->Int32)"
code-creation,Stub,10,0x5c412f20,389,"BinaryOpICStub(BIT_OR_ReuseRight:Int32*Smi->Int32)"
code-creation,Stub,10,0x5c4130c0,280,"BinaryOpICStub(BIT_OR:Int32*Smi->Smi)"
code-creation,Stub,10,0x5c4131e0,280,"BinaryOpICStub(BIT_OR_ReuseRight:Int32*Smi->Smi)"
code-creation,Stub,10,0x5c413300,389,"BinaryOpICStub(BIT_OR:Number*Smi->Int32)"
code-creation,Stub,10,0x5c4134a0,417,"BinaryOpICStub(BIT_OR_ReuseLeft:Number*Smi->Int32)"
code-creation,Stub,10,0x5c413660,389,"BinaryOpICStub(BIT_OR_ReuseRight:Number*Smi->Int32)"
code-creation,Stub,10,0x5c413800,280,"BinaryOpICStub(BIT_OR:Number*Smi->Smi)"
code-creation,Stub,10,0x5c413920,280,"BinaryOpICStub(BIT_OR_ReuseLeft:Number*Smi->Smi)"
code-creation,Stub,10,0x5c413a40,389,"BinaryOpICStub(BIT_OR_ReuseLeft:Smi*Int32->Int32)"
code-creation,Stub,10,0x5c413be0,413,"BinaryOpICStub(BIT_OR_ReuseRight:Smi*Int32->Int32)"
code-creation,Stub,10,0x5c413d80,280,"BinaryOpICStub(BIT_OR_ReuseRight:Smi*Int32->Smi)"
code-creation,Stub,10,0x5c413ea0,136,"BinaryOpICStub(BIT_OR_ReuseLeft:Smi*Smi->Smi)"
code-creation,Stub,10,0x5c413f40,136,"BinaryOpICStub(BIT_OR_ReuseRight:Smi*Smi->Smi)"
code-creation,Stub,10,0x5c413fe0,493,"BinaryOpICStub(BIT_XOR:Int32*Int32->Int32)"
code-creation,Stub,10,0x5c4141e0,521,"BinaryOpICStub(BIT_XOR_ReuseLeft:Int32*Int32->Int32)"
code-creation,Stub,10,0x5c414400,517,"BinaryOpICStub(BIT_XOR_ReuseRight:Int32*Int32->Int32)"
code-creation,Stub,10,0x5c414620,404,"BinaryOpICStub(BIT_XOR:Int32*Int32->Smi)"
code-creation,Stub,10,0x5c4147c0,404,"BinaryOpICStub(BIT_XOR_ReuseLeft:Int32*Int32->Smi)"
code-creation,Stub,10,0x5c414960,404,"BinaryOpICStub(BIT_XOR:Int32*Number->Smi)"
code-creation,Stub,10,0x5c414b00,389,"BinaryOpICStub(BIT_XOR:Int32*Smi->Int32)"
code-creation,Stub,10,0x5c414ca0,417,"BinaryOpICStub(BIT_XOR_ReuseLeft:Int32*Smi->Int32)"
code-creation,Stub,10,0x5c414e60,389,"BinaryOpICStub(BIT_XOR_ReuseRight:Int32*Smi->Int32)"
code-creation,Stub,10,0x5c415000,493,"BinaryOpICStub(BIT_XOR:Number*Int32->Int32)"
code-creation,Stub,10,0x5c415200,389,"BinaryOpICStub(BIT_XOR:Number*Smi->Int32)"
code-creation,Stub,10,0x5c4153a0,280,"BinaryOpICStub(BIT_XOR:Number*Smi->Smi)"
code-creation,Stub,10,0x5c4154c0,389,"BinaryOpICStub(BIT_XOR:Smi*Int32->Int32)"
code-creation,Stub,10,0x5c415660,389,"BinaryOpICStub(BIT_XOR_ReuseLeft:Smi*Int32->Int32)"
code-creation,Stub,10,0x5c415800,280,"BinaryOpICStub(BIT_XOR_ReuseLeft:Smi*Int32->Smi)"
code-creation,Stub,10,0x5c415920,136,"BinaryOpICStub(BIT_XOR:Smi*Smi->Smi)"
code-creation,Stub,10,0x5c4159c0,136,"BinaryOpICStub(BIT_XOR_ReuseLeft:Smi*Smi->Smi)"
code-creation,Stub,10,0x5c415a60,136,"BinaryOpICStub(BIT_XOR_ReuseRight:Smi*Smi->Smi)"
code-creation,Stub,10,0x5c415b00,457,"BinaryOpICStub(DIV:Int32*Int32->Int32)"
code-creation,Stub,10,0x5c415ce0,377,"BinaryOpICStub(DIV:Int32*Int32->Number)"
code-creation,Stub,10,0x5c415e60,357,"BinaryOpICStub(DIV:Int32*Number->Number)"
code-creation,Stub,10,0x5c415fe0,377,"BinaryOpICStub(DIV_ReuseLeft:Int32*Number->Number)"
code-creation,Stub,10,0x5c416160,389,"BinaryOpICStub(DIV:Int32*Smi->Int32)"
code-creation,Stub,10,0x5c416300,325,"BinaryOpICStub(DIV:Int32*Smi->Number)"
code-creation,Stub,10,0x5c416460,357,"BinaryOpICStub(DIV:Number*Int32->Number)"
code-creation,Stub,10,0x5c4165e0,381,"BinaryOpICStub(DIV_ReuseLeft:Number*Int32->Number)"
code-creation,Stub,10,0x5c416760,321,"BinaryOpICStub(DIV:Number*Number->Number)"
code-creation,Stub,10,0x5c4168c0,341,"BinaryOpICStub(DIV_ReuseLeft:Number*Number->Number)"
code-creation,Stub,10,0x5c416a20,341,"BinaryOpICStub(DIV_ReuseRight:Number*Number->Number)"
code-creation,Stub,10,0x5c416b80,289,"BinaryOpICStub(DIV:Number*Smi->Number)"
code-creation,Stub,10,0x5c416cc0,309,"BinaryOpICStub(DIV_ReuseLeft:Number*Smi->Number)"
code-creation,Stub,10,0x5c416e00,365,"BinaryOpICStub(DIV:Smi*Int32->Int32)"
code-creation,Stub,10,0x5c416f80,325,"BinaryOpICStub(DIV:Smi*Int32->Number)"
code-creation,Stub,10,0x5c4170e0,325,"BinaryOpICStub(DIV_ReuseLeft:Smi*Int32->Number)"
code-creation,Stub,10,0x5c417240,289,"BinaryOpICStub(DIV:Smi*Number->Number)"
code-creation,Stub,10,0x5c417380,289,"BinaryOpICStub(DIV_ReuseLeft:Smi*Number->Number)"
code-creation,Stub,10,0x5c4174c0,309,"BinaryOpICStub(DIV_ReuseRight:Smi*Number->Number)"
code-creation,Stub,10,0x5c417600,257,"BinaryOpICStub(DIV:Smi*Smi->Number)"
code-creation,Stub,10,0x5c417720,257,"BinaryOpICStub(DIV_ReuseLeft:Smi*Smi->Number)"
code-creation,Stub,10,0x5c417840,257,"BinaryOpICStub(DIV_ReuseRight:Smi*Smi->Number)"
code-creation,Stub,10,0x5c417960,192,"BinaryOpICStub(DIV:Smi*Smi->Smi)"
code-creation,Stub,10,0x5c417a20,192,"BinaryOpICStub(DIV_ReuseLeft:Smi*Smi->Smi)"
code-creation,Stub,10,0x5c417ae0,192,"BinaryOpICStub(DIV_ReuseRight:Smi*Smi->Smi)"
code-creation,Stub,10,0x5c417ba0,362,"BinaryOpICStub(MOD_ReuseLeft:Number*Smi->Number)"
code-creation,Stub,10,0x5c417d20,180,"BinaryOpICStub(MOD:Smi*Smi->Smi)"
code-creation,Stub,10,0x5c417de0,180,"BinaryOpICStub(MOD_ReuseLeft:Smi*Smi->Smi)"
code-creation,Stub,10,0x5c417ea0,429,"BinaryOpICStub(MUL:Int32*Int32->Int32)"
code-creation,Stub,10,0x5c418060,373,"BinaryOpICStub(MUL:Int32*Int32->Number)"
code-creation,Stub,10,0x5c4181e0,353,"BinaryOpICStub(MUL:Int32*Number->Number)"
code-creation,Stub,10,0x5c418360,373,"BinaryOpICStub(MUL_ReuseLeft:Int32*Number->Number)"
code-creation,Stub,10,0x5c4184e0,357,"BinaryOpICStub(MUL:Int32*Smi->Int32)"
code-creation,Stub,10,0x5c418660,389,"BinaryOpICStub(MUL_ReuseLeft:Int32*Smi->Int32)"
code-creation,Stub,10,0x5c418800,325,"BinaryOpICStub(MUL:Int32*Smi->Number)"
code-creation,Stub,10,0x5c418960,357,"BinaryOpICStub(MUL:Number*Int32->Number)"
code-creation,Stub,10,0x5c418ae0,377,"BinaryOpICStub(MUL_ReuseLeft:Number*Int32->Number)"
code-creation,Stub,10,0x5c418c60,377,"BinaryOpICStub(MUL_ReuseRight:Number*Int32->Number)"
code-creation,Stub,10,0x5c418de0,317,"BinaryOpICStub(MUL:Number*Number->Number)"
code-creation,Stub,10,0x5c418f20,337,"BinaryOpICStub(MUL_ReuseLeft:Number*Number->Number)"
code-creation,Stub,10,0x5c419080,285,"BinaryOpICStub(MUL:Number*Smi->Number)"
code-creation,Stub,10,0x5c4191a0,309,"BinaryOpICStub(MUL_ReuseLeft:Number*Smi->Number)"
code-creation,Stub,10,0x5c4192e0,285,"BinaryOpICStub(MUL_ReuseRight:Number*Smi->Number)"
code-creation,Stub,10,0x5c419400,357,"BinaryOpICStub(MUL:Smi*Int32->Int32)"
code-creation,Stub,10,0x5c419580,357,"BinaryOpICStub(MUL_ReuseLeft:Smi*Int32->Int32)"
code-creation,Stub,10,0x5c419700,325,"BinaryOpICStub(MUL:Smi*Int32->Number)"
code-creation,Stub,10,0x5c419860,285,"BinaryOpICStub(MUL:Smi*Number->Number)"
code-creation,Stub,10,0x5c419980,285,"BinaryOpICStub(MUL_ReuseLeft:Smi*Number->Number)"
code-creation,Stub,10,0x5c419aa0,305,"BinaryOpICStub(MUL_ReuseRight:Smi*Number->Number)"
code-creation,Stub,10,0x5c419be0,289,"BinaryOpICStub(MUL:Smi*Smi->Int32)"
code-creation,Stub,10,0x5c419d20,253,"BinaryOpICStub(MUL:Smi*Smi->Number)"
code-creation,Stub,10,0x5c419e20,253,"BinaryOpICStub(MUL_ReuseLeft:Smi*Smi->Number)"
code-creation,Stub,10,0x5c419f20,164,"BinaryOpICStub(MUL:Smi*Smi->Smi)"
code-creation,Stub,10,0x5c419fe0,164,"BinaryOpICStub(MUL_ReuseLeft:Smi*Smi->Smi)"
code-creation,Stub,10,0x5c41a0a0,164,"BinaryOpICStub(MUL_ReuseRight:Smi*Smi->Smi)"
code-creation,Stub,10,0x5c41a160,389,"BinaryOpICStub(SAR_ReuseRight:Int32*Smi->Int32)"
code-creation,Stub,10,0x5c41a300,280,"BinaryOpICStub(SAR:Int32*Smi->Smi)"
code-creation,Stub,10,0x5c41a420,280,"BinaryOpICStub(SAR_ReuseRight:Int32*Smi->Smi)"
code-creation,Stub,10,0x5c41a540,280,"BinaryOpICStub(SAR:Number*Smi->Smi)"
code-creation,Stub,10,0x5c41a660,280,"BinaryOpICStub(SAR_ReuseRight:Number*Smi->Smi)"
code-creation,Stub,10,0x5c41a780,156,"BinaryOpICStub(SAR_ReuseLeft:Smi*Smi->Smi)"
code-creation,Stub,10,0x5c41a820,156,"BinaryOpICStub(SAR_ReuseRight:Smi*Smi->Smi)"
code-creation,Stub,10,0x5c41a8c0,389,"BinaryOpICStub(SHL:Int32*Smi->Int32)"
code-creation,Stub,10,0x5c41aa60,389,"BinaryOpICStub(SHL_ReuseRight:Int32*Smi->Int32)"
code-creation,Stub,10,0x5c41ac00,280,"BinaryOpICStub(SHL:Int32*Smi->Smi)"
code-creation,Stub,10,0x5c41ad20,280,"BinaryOpICStub(SHL_ReuseRight:Int32*Smi->Smi)"
code-creation,Stub,10,0x5c41ae40,280,"BinaryOpICStub(SHL_ReuseRight:Number*Smi->Smi)"
code-creation,Stub,10,0x5c41af60,261,"BinaryOpICStub(SHL:Smi*Smi->Int32)"
code-creation,Stub,10,0x5c41b080,261,"BinaryOpICStub(SHL_ReuseLeft:Smi*Smi->Int32)"
code-creation,Stub,10,0x5c41b1a0,261,"BinaryOpICStub(SHL_ReuseRight:Smi*Smi->Int32)"
code-creation,Stub,10,0x5c41b2c0,156,"BinaryOpICStub(SHL:Smi*Smi->Smi)"
code-creation,Stub,10,0x5c41b360,156,"BinaryOpICStub(SHL_ReuseLeft:Smi*Smi->Smi)"
code-creation,Stub,10,0x5c41b400,156,"BinaryOpICStub(SHL_ReuseRight:Smi*Smi->Smi)"
code-creation,Stub,10,0x5c41b4a0,320,"BinaryOpICStub(SHR:Int32*Smi->Smi)"
code-creation,Stub,10,0x5c41b5e0,320,"BinaryOpICStub(SHR_ReuseLeft:Int32*Smi->Smi)"
code-creation,Stub,10,0x5c41b720,320,"BinaryOpICStub(SHR_ReuseRight:Int32*Smi->Smi)"
code-creation,Stub,10,0x5c41b860,320,"BinaryOpICStub(SHR:Number*Smi->Smi)"
code-creation,Stub,10,0x5c41b9a0,320,"BinaryOpICStub(SHR_ReuseLeft:Number*Smi->Smi)"
code-creation,Stub,10,0x5c41bae0,401,"BinaryOpICStub(SHR_ReuseRight:Number*Smi->Int32)"
code-creation,Stub,10,0x5c41bc80,196,"BinaryOpICStub(SHR:Smi*Smi->Smi)"
code-creation,Stub,10,0x5c41bd60,196,"BinaryOpICStub(SHR_ReuseLeft:Smi*Smi->Smi)"
code-creation,Stub,10,0x5c41be40,196,"BinaryOpICStub(SHR_ReuseRight:Smi*Smi->Smi)"
code-creation,Stub,10,0x5c41bf20,401,"BinaryOpICStub(SUB:Int32*Int32->Int32)"
code-creation,Stub,10,0x5c41c0c0,433,"BinaryOpICStub(SUB_ReuseLeft:Int32*Int32->Int32)"
code-creation,Stub,10,0x5c41c280,353,"BinaryOpICStub(SUB:Int32*Number->Number)"
code-creation,Stub,10,0x5c41c400,373,"BinaryOpICStub(SUB_ReuseRight:Int32*Number->Number)"
code-creation,Stub,10,0x5c41c580,373,"BinaryOpICStub(SUB_ReuseLeft:Int32*Smi->Int32)"
code-creation,Stub,10,0x5c41c700,345,"BinaryOpICStub(SUB_ReuseRight:Int32*Smi->Int32)"
code-creation,Stub,10,0x5c41c860,357,"BinaryOpICStub(SUB:Number*Int32->Number)"
code-creation,Stub,10,0x5c41c9e0,377,"BinaryOpICStub(SUB_ReuseLeft:Number*Int32->Number)"
code-creation,Stub,10,0x5c41cb60,317,"BinaryOpICStub(SUB:Number*Number->Number)"
code-creation,Stub,10,0x5c41cca0,337,"BinaryOpICStub(SUB_ReuseLeft:Number*Number->Number)"
code-creation,Stub,10,0x5c41ce00,337,"BinaryOpICStub(SUB_ReuseRight:Number*Number->Number)"
code-creation,Stub,10,0x5c41cf60,285,"BinaryOpICStub(SUB:Number*Smi->Number)"
code-creation,Stub,10,0x5c41d080,309,"BinaryOpICStub(SUB_ReuseLeft:Number*Smi->Number)"
code-creation,Stub,10,0x5c41d1c0,285,"BinaryOpICStub(SUB_ReuseRight:Number*Smi->Number)"
code-creation,Stub,10,0x5c41d2e0,329,"BinaryOpICStub(SUB:Smi*Int32->Int32)"
code-creation,Stub,10,0x5c41d440,285,"BinaryOpICStub(SUB:Smi*Number->Number)"
code-creation,Stub,10,0x5c41d560,285,"BinaryOpICStub(SUB_ReuseLeft:Smi*Number->Number)"
code-creation,Stub,10,0x5c41d680,305,"BinaryOpICStub(SUB_ReuseRight:Smi*Number->Number)"
code-creation,Stub,10,0x5c41d7c0,148,"BinaryOpICStub(SUB:Smi*Smi->Smi)"
code-creation,Stub,10,0x5c41d860,148,"BinaryOpICStub(SUB_ReuseLeft:Smi*Smi->Smi)"
code-creation,Stub,10,0x5c41d900,148,"BinaryOpICStub(SUB_ReuseRight:Smi*Smi->Smi)"
code-creation,Stub,10,0x5c41d9a0,188,"BinaryOpICStub(MOD:Smi*2->Smi)"
code-creation,Stub,10,0x5c41da60,188,"BinaryOpICStub(MOD:Smi*4->Smi)"
code-creation,Stub,10,0x5c41db20,188,"BinaryOpICStub(MOD_ReuseLeft:Smi*4->Smi)"
code-creation,Stub,10,0x5c41dbe0,188,"BinaryOpICStub(MOD:Smi*8->Smi)"
code-creation,Stub,10,0x5c41dca0,188,"BinaryOpICStub(MOD_ReuseLeft:Smi*16->Smi)"
code-creation,Stub,10,0x5c41dd60,188,"BinaryOpICStub(MOD:Smi*32->Smi)"
code-creation,Stub,10,0x5c41de20,196,"BinaryOpICStub(MOD:Smi*2048->Smi)"
code-creation,Stub,2,0x5c41df00,213,"JSEntryStub"
code-creation,Stub,2,0x5c41dfe0,213,"JSConstructEntryStub"
code-creation,Builtin,4,0x5c41e0c0,77,"Illegal"
code-creation,Builtin,4,0x5c41e120,77,"EmptyFunction"
code-creation,Builtin,4,0x5c41e180,77,"ArrayPush"
code-creation,Builtin,4,0x5c41e1e0,77,"ArrayPop"
code-creation,Builtin,4,0x5c41e240,77,"ArrayShift"
code-creation,Builtin,4,0x5c41e2a0,77,"ArrayUnshift"
code-creation,Builtin,4,0x5c41e300,77,"ArraySlice"
code-creation,Builtin,4,0x5c41e360,77,"ArraySplice"
code-creation,Builtin,4,0x5c41e3c0,77,"ArrayConcat"
code-creation,Builtin,4,0x5c41e420,80,"HandleApiCall"
code-creation,Builtin,4,0x5c41e480,80,"HandleApiCallConstruct"
code-creation,Builtin,4,0x5c41e4e0,77,"HandleApiCallAsFunction"
code-creation,Builtin,4,0x5c41e540,77,"HandleApiCallAsConstructor"
code-creation,Builtin,4,0x5c41e5a0,77,"StrictModePoisonPill"
code-creation,Builtin,4,0x5c41e600,177,"ArgumentsAdaptorTrampoline"
code-creation,Builtin,4,0x5c41e6c0,118,"InOptimizationQueue"
code-creation,Builtin,4,0x5c41e740,487,"JSConstructStubCountdown"
code-creation,Builtin,4,0x5c41e940,428,"JSConstructStubGeneric"
code-creation,Builtin,4,0x5c41eb00,404,"JSConstructStubApi"
code-creation,Builtin,4,0x5c41eca0,153,"JSEntryTrampoline"
code-creation,Stub,2,0x5c41ed40,146,"CallConstructStub"
code-creation,Builtin,4,0x5c41ede0,131,"JSConstructEntryTrampoline"
code-creation,Builtin,4,0x5c41ee80,99,"CompileUnoptimized"
code-creation,Builtin,4,0x5c41ef00,104,"CompileOptimized"
code-creation,Builtin,4,0x5c41ef80,104,"CompileOptimizedConcurrent"
code-creation,Builtin,4,0x5c41f000,141,"NotifyDeoptimized"
code-creation,Builtin,4,0x5c41f0a0,141,"NotifySoftDeoptimized"
code-creation,Builtin,4,0x5c41f140,141,"NotifyLazyDeoptimized"
code-creation,Builtin,4,0x5c41f1e0,94,"NotifyStubFailure"
code-creation,Builtin,4,0x5c41f240,94,"NotifyStubFailureSaveDoubles"
code-creation,Builtin,4,0x5c41f2a0,83,"LoadIC_Miss"
code-creation,Builtin,4,0x5c41f300,83,"KeyedLoadIC_Miss"
code-creation,Builtin,4,0x5c41f360,84,"StoreIC_Miss"
code-creation,Builtin,4,0x5c41f3c0,84,"KeyedStoreIC_Miss"
code-creation,Builtin,6,0x5c41f420,80,"LoadIC_Getter_ForDeopt"
code-creation,Builtin,7,0x5c41f480,83,"KeyedLoadIC_Initialize"
code-creation,Builtin,7,0x5c41f4e0,83,"KeyedLoadIC_PreMonomorphic"
code-creation,Stub,2,0x5c41f540,740,"NameDictionaryLookupStub"
code-creation,Builtin,7,0x5c41f840,890,"KeyedLoadIC_Generic"
code-creation,Builtin,7,0x5c41fbc0,491,"KeyedLoadIC_String"
code-creation,Builtin,7,0x5c41fdc0,144,"KeyedLoadIC_IndexedInterceptor"
code-creation,Builtin,7,0x5c41fe60,216,"KeyedLoadIC_SloppyArguments"
code-creation,Builtin,8,0x5c41ff40,82,"StoreIC_Setter_ForDeopt"
code-creation,Builtin,9,0x5c41ffa0,84,"KeyedStoreIC_Initialize"
code-creation,Builtin,9,0x5c420000,84,"KeyedStoreIC_PreMonomorphic"
code-creation,Stub,2,0x5c420060,1453,"RecordWriteStub"
code-creation,Stub,2,0x5c420620,1433,"RecordWriteStub"
code-creation,Stub,2,0x5c420bc0,611,"RecordWriteStub"
code-creation,Stub,2,0x5c420e40,1437,"RecordWriteStub"
code-creation,Stub,2,0x5c4213e0,1428,"RecordWriteStub"
code-creation,Builtin,9,0x5c421980,2304,"KeyedStoreIC_Generic"
code-creation,Builtin,9,0x5c422280,84,"KeyedStoreIC_Initialize_Strict"
code-creation,Builtin,9,0x5c4222e0,84,"KeyedStoreIC_PreMonomorphic_Strict"
code-creation,Builtin,9,0x5c422340,2304,"KeyedStoreIC_Generic_Strict"
code-creation,Stub,2,0x5c422c40,1425,"RecordWriteStub"
code-creation,Builtin,9,0x5c4231e0,286,"KeyedStoreIC_SloppyArguments"
code-creation,Builtin,4,0x5c423300,359,"FunctionCall"
code-creation,Builtin,4,0x5c423480,370,"FunctionApply"
code-creation,Stub,2,0x5c423600,233,"InternalArrayNoArgumentConstructorStub"
code-creation,Stub,2,0x5c423700,370,"InternalArraySingleArgumentConstructorStub"
code-creation,Stub,2,0x5c423880,318,"InternalArrayNArgumentsConstructorStub"
code-creation,Stub,2,0x5c4239c0,233,"InternalArrayNoArgumentConstructorStub"
code-creation,Stub,2,0x5c423ac0,370,"InternalArraySingleArgumentConstructorStub"
code-creation,Stub,2,0x5c423c40,318,"InternalArrayNArgumentsConstructorStub"
code-creation,Stub,2,0x5c423d80,169,"InternalArrayConstructorStub"
code-creation,Builtin,4,0x5c423e40,78,"InternalArrayCode"
code-creation,Stub,2,0x5c423ea0,497,"ArrayConstructorStub_Any"
code-creation,Builtin,4,0x5c4240a0,83,"ArrayCode"
code-creation,Builtin,4,0x5c424100,349,"StringConstructCode"
code-creation,Builtin,4,0x5c424260,117,"OnStackReplacement"
code-creation,Builtin,4,0x5c4242e0,76,"InterruptCheck"
code-creation,Builtin,4,0x5c424340,102,"OsrAfterStackCheck"
code-creation,Builtin,4,0x5c4243c0,76,"StackCheck"
code-creation,Builtin,4,0x5c424420,115,"MarkCodeAsExecutedOnce"
code-creation,Builtin,4,0x5c4244a0,109,"MarkCodeAsExecutedTwice"
code-creation,Builtin,4,0x5c424520,109,"MakeQuadragenarianCodeYoungAgainOddMarking"
code-creation,Builtin,4,0x5c4245a0,109,"MakeQuadragenarianCodeYoungAgainEvenMarking"
code-creation,Builtin,4,0x5c424620,109,"MakeQuinquagenarianCodeYoungAgainOddMarking"
code-creation,Builtin,4,0x5c4246a0,109,"MakeQuinquagenarianCodeYoungAgainEvenMarking"
code-creation,Builtin,4,0x5c424720,109,"MakeSexagenarianCodeYoungAgainOddMarking"
code-creation,Builtin,4,0x5c4247a0,109,"MakeSexagenarianCodeYoungAgainEvenMarking"
code-creation,Builtin,4,0x5c424820,109,"MakeSeptuagenarianCodeYoungAgainOddMarking"
code-creation,Builtin,4,0x5c4248a0,109,"MakeSeptuagenarianCodeYoungAgainEvenMarking"
code-creation,Builtin,4,0x5c424920,109,"MakeOctogenarianCodeYoungAgainOddMarking"
code-creation,Builtin,4,0x5c4249a0,109,"MakeOctogenarianCodeYoungAgainEvenMarking"
code-creation,Builtin,3,0x5c424a20,83,"LoadIC_Slow"
code-creation,Builtin,3,0x5c424a80,83,"KeyedLoadIC_Slow"
code-creation,Builtin,3,0x5c424ae0,84,"StoreIC_Slow"
code-creation,Builtin,3,0x5c424b40,84,"KeyedStoreIC_Slow"
code-creation,Stub,2,0x5c424ba0,740,"NameDictionaryLookupStub"
code-creation,Builtin,3,0x5c424ea0,310,"LoadIC_Normal"
code-creation,Stub,2,0x5c424fe0,740,"NameDictionaryLookupStub"
code-creation,Stub,2,0x5c4252e0,1433,"RecordWriteStub"
code-creation,Builtin,3,0x5c425880,362,"StoreIC_Normal"
code-creation,Builtin,4,0x5c425a00,107,"Return_DebugBreak"
code-creation,Builtin,4,0x5c425a80,104,"CallFunctionStub_DebugBreak"
code-creation,Builtin,4,0x5c425b00,108,"CallFunctionStub_Recording_DebugBreak"
code-creation,Builtin,4,0x5c425b80,110,"CallConstructStub_DebugBreak"
code-creation,Builtin,4,0x5c425c00,114,"CallConstructStub_Recording_DebugBreak"
code-creation,Builtin,6,0x5c425c80,106,"LoadIC_DebugBreak"
code-creation,Builtin,7,0x5c425d00,106,"KeyedLoadIC_DebugBreak"
code-creation,Builtin,8,0x5c425d80,108,"StoreIC_DebugBreak"
code-creation,Builtin,9,0x5c425e00,108,"KeyedStoreIC_DebugBreak"
code-creation,Builtin,12,0x5c425e80,104,"CompareNilIC_DebugBreak"
code-creation,Builtin,4,0x5c425f00,105,"Slot_DebugBreak"
code-creation,Builtin,4,0x5c425f80,65,"PlainReturn_LiveEdit"
code-creation,Builtin,4,0x5c425fe0,93,"FrameDropper_LiveEdit"
code-creation,LoadInitialize,6,0x5c426040,83,"args_count: 0"
code-creation,LoadInitialize,6,0x5c4260a0,83,"args_count: 0"
code-creation,Stub,2,0x5c426100,347,"CallConstructStub_Recording"
code-creation,Script,0,0x5c426260,556,"native runtime.js",0x26c10450,~
code-creation,LoadPreMonomorphic,6,0x5c4264a0,83,"args_count: 0"
code-creation,LoadPreMonomorphic,6,0x5c426500,83,"args_count: 0"
code-creation,Stub,12,0x5c426560,93,"CompareNilICStub(NullValue)(None)"
code-creation,Stub,2,0x5c4265c0,190,"CallFunctionStub_Args1"
code-creation,Stub,2,0x5c426680,190,"CallFunctionStub_Args2"
code-creation,LazyCompile,0,0x5c426740,2500,"EQUALS native runtime.js:9:16",0x26c0f250,~
code-creation,LazyCompile,0,0x5c427120,436,"STRICT_EQUALS native runtime.js:55:23",0x26c0f2ac,~
code-creation,Stub,2,0x5c4272e0,216,"StringCompareStub"
code-creation,Stub,11,0x5c4273c0,104,"CompareICStub"
code-creation,LazyCompile,0,0x5c427440,1292,"COMPARE native runtime.js:66:17",0x26c0f308,~
code-creation,Stub,2,0x5c427960,786,"StringAddStub_CheckBoth"
code-creation,LazyCompile,0,0x5c427c80,804,"ADD native runtime.js:98:13",0x26c0f364,~
code-creation,LazyCompile,0,0x5c427fc0,344,"SUB native runtime.js:136:13",0x26c0f478,~
code-creation,LazyCompile,0,0x5c428120,344,"MUL native runtime.js:141:13",0x26c0f4d4,~
code-creation,LazyCompile,0,0x5c428280,344,"DIV native runtime.js:146:13",0x26c0f530,~
code-creation,LazyCompile,0,0x5c4283e0,344,"MOD native runtime.js:151:13",0x26c0f58c,~
code-creation,LazyCompile,0,0x5c428540,344,"BIT_OR native runtime.js:156:16",0x26c0f5e8,~
code-creation,LazyCompile,0,0x5c4286a0,508,"BIT_AND native runtime.js:161:17",0x26c0f644,~
code-creation,LazyCompile,0,0x5c4288a0,344,"BIT_XOR native runtime.js:173:17",0x26c0f6a0,~
code-creation,LazyCompile,0,0x5c428a00,344,"SHL native runtime.js:178:13",0x26c0f6fc,~
code-creation,LazyCompile,0,0x5c428b60,508,"SAR native runtime.js:183:13",0x26c0f758,~
code-creation,LazyCompile,0,0x5c428d60,344,"SHR native runtime.js:195:13",0x26c0f7b4,~
code-creation,LazyCompile,0,0x5c428ec0,236,"DELETE native runtime.js:200:16",0x26c0f810,~
code-creation,Stub,2,0x5c428fc0,1448,"RecordWriteStub"
code-creation,Stub,2,0x5c429580,245,"StoreArrayLiteralElementStub"
code-creation,LazyCompile,0,0x5c429680,416,"IN native runtime.js:203:12",0x26c0f86c,~
code-creation,Stub,11,0x5c429820,104,"CompareICStub"
code-creation,Stub,13,0x5c4298a0,93,"ToBooleanStub(None)"
code-creation,LazyCompile,0,0x5c429900,708,"INSTANCE_OF native runtime.js:210:21",0x26c0f8c8,~
code-creation,LazyCompile,0,0x5c429be0,224,"FILTER_KEY native runtime.js:228:20",0x26c0f924,~
code-creation,Stub,2,0x5c429cc0,351,"ArgumentsAccessStub_NewSloppyFast"
code-creation,LazyCompile,0,0x5c429e20,384,"CALL_NON_FUNCTION native runtime.js:233:27",0x26c0f980,~
code-creation,LazyCompile,0,0x5c429fa0,384,"CALL_NON_FUNCTION_AS_CONSTRUCTOR native runtime.js:240:42",0x26c0f9dc,~
code-creation,Stub,2,0x5c42a120,130,"ArgumentsAccessStub_ReadElement"
code-creation,LazyCompile,0,0x5c42a1c0,252,"CALL_FUNCTION_PROXY native runtime.js:247:29",0x26c0fa38,~
code-creation,LazyCompile,0,0x5c42a2c0,224,"CALL_FUNCTION_PROXY_AS_CONSTRUCTOR native runtime.js:253:44",0x26c0fa94,~
code-creation,LazyCompile,0,0x5c42a3a0,176,"TO_OBJECT native runtime.js:283:19",0x26c0fba8,~
code-creation,LazyCompile,0,0x5c42a460,176,"TO_NUMBER native runtime.js:286:19",0x26c0fc04,~
code-creation,LazyCompile,0,0x5c42a520,176,"TO_STRING native runtime.js:289:19",0x26c0fc60,~
code-creation,Stub,2,0x5c42a5e0,172,"DoubleToIStub"
code-creation,Stub,2,0x5c42a6a0,418,"NumberToStringStub"
code-creation,LazyCompile,0,0x5c42a860,648,"STRING_ADD_LEFT native runtime.js:111:25",0x26c0f3c0,~
code-creation,LazyCompile,0,0x5c42ab00,660,"STRING_ADD_RIGHT native runtime.js:123:26",0x26c0f41c,~
code-creation,Stub,11,0x5c42ada0,104,"CompareICStub"
code-creation,Stub,11,0x5c42ae20,104,"CompareICStub"
code-creation,Stub,11,0x5c42aea0,104,"CompareICStub"
code-creation,LazyCompile,0,0x5c42af20,1172,"APPLY_PREPARE native runtime.js:258:23",0x26c0faf0,~
code-creation,LazyCompile,0,0x5c42b3c0,220,"APPLY_OVERFLOW native runtime.js:280:24",0x26c0fb4c,~
code-creation,Stub,2,0x5c42b4a0,187,"CallFunctionStub_Args0"
code-creation,Stub,2,0x5c42b560,190,"CallFunctionStub_Args12"
code-creation,Stub,2,0x5c42b620,193,"CallFunctionStub_Args38"
code-creation,Stub,2,0x5c42b700,190,"CallFunctionStub_Args3"
code-creation,Script,0,0x5c42b7c0,1192,"native v8natives.js",0x26c140e0,~
code-creation,Stub,2,0x5c42bc80,190,"CallFunctionStub_Args10"
code-creation,LazyCompile,0,0x5c42bd40,468,"SetUpGlobal native v8natives.js:113:21",0x26c11a9c,~
code-creation,LazyCompile,0,0x5c42bf20,568,"InstallFunctions native v8natives.js:4:26",0x26c11704,~
code-creation,Stub,11,0x5c42c160,122,"CompareICStub"
code-creation,Stub,10,0x5c42c1e0,156,"BinaryOpICStub(SAR:Smi*Smi->Smi)"
code-creation,Stub,11,0x5c42c280,122,"CompareICStub"
code-creation,Stub,2,0x5c42c300,188,"KeyedLoadElementStub"
code-creation,KeyedLoadIC,7,0x5c42c3c0,91,""
code-creation,Stub,10,0x5c42c420,148,"BinaryOpICStub(ADD:Smi*Smi->Smi)"
code-creation,Stub,3,0x5c42c4c0,76,"LoadFieldStub"
code-creation,LoadIC,6,0x5c42c520,93,"length"
code-creation,Stub,2,0x5c42c580,196,"ToNumberStub"
code-creation,LazyCompile,0,0x5c42c660,840,"SetUpLockedPrototype native v8natives.js:45:30",0x26c11874,~
code-creation,Stub,13,0x5c42c9c0,148,"ToBooleanStub(SpecObject)"
code-creation,Stub,10,0x5c42ca60,148,"BinaryOpICStub(ADD_ReuseLeft:Smi*Smi->Smi)"
code-creation,LoadIC,6,0x5c42cb00,93,"length"
code-creation,LoadIC,6,0x5c42cb60,93,"length"
code-creation,Stub,2,0x5c42cbc0,190,"CallFunctionStub_Args20"
code-creation,Stub,2,0x5c42cc80,190,"CallFunctionStub_Args4"
code-creation,Stub,2,0x5c42cd40,190,"CallFunctionStub_Args30"
code-creation,LazyCompile,0,0x5c42ce00,1052,"SetUpObject native v8natives.js:1019:21",0x26c12da8,~
code-creation,LazyCompile,0,0x5c42d220,368,"ObjectConstructor native v8natives.js:1010:27",0x26c12d4c,~
code-creation,LazyCompile,0,0x5c42d220,368,"ObjectConstructor native v8natives.js:1010:27",0x26c12d4c,~
code-creation,LoadIC,6,0x5c42d3a0,93,"length"
code-creation,LoadIC,6,0x5c42d400,93,"length"
code-creation,LazyCompile,0,0x5c42d460,272,"InstallGetterSetter native v8natives.js:24:29",0x26c117bc,~
code-creation,LazyCompile,0,0x5c42d580,452,"SetUpBoolean native v8natives.js:1081:22",0x26c12f18,~
code-creation,LazyCompile,0,0x5c42d760,312,"BooleanConstructor native v8natives.js:1058:28",0x26c12e04,~
code-creation,LazyCompile,0,0x5c42d760,312,"BooleanConstructor native v8natives.js:1058:28",0x26c12e04,~
code-creation,LazyCompile,0,0x5c42d8a0,520,"ToBoolean native runtime.js:299:19",0x26c0fd18,~
code-creation,Stub,2,0x5c42dac0,525,"MathPowStub"
code-creation,Stub,2,0x5c42dce0,190,"CallFunctionStub_Args16"
code-creation,LazyCompile,0,0x5c42dda0,992,"SetUpNumber native v8natives.js:1200:21",0x26c13368,~
code-creation,LazyCompile,0,0x5c42e180,356,"NumberConstructor native v8natives.js:1092:27",0x26c12f74,~
code-creation,LazyCompile,0,0x5c42e180,356,"NumberConstructor native v8natives.js:1092:27",0x26c12f74,~
code-creation,Stub,11,0x5c42e300,116,"CompareICStub"
code-creation,LazyCompile,0,0x5c42e380,636,"ToNumber native runtime.js:306:18",0x26c0fd74,~
code-creation,LazyCompile,0,0x5c42e600,520,"InstallConstants native v8natives.js:33:26",0x26c11818,~
code-creation,LoadIC,6,0x5c42e820,93,"length"
code-creation,LazyCompile,0,0x5c42e880,380,"SetUpFunction native v8natives.js:1325:23",0x26c13590,~
code-creation,Stub,2,0x5c42ea00,205,"FastNewContextStub"
code-creation,Stub,2,0x5c42eae0,1420,"RecordWriteStub"
code-creation,LazyCompile,0,0x5c42f080,420,"FunctionConstructor native v8natives.js:1318:29",0x26c13534,~
code-creation,LazyCompile,0,0x5c42f080,420,"FunctionConstructor native v8natives.js:1318:29",0x26c13534,~
code-creation,Script,0,0x5c42f240,256,"native array.js",0x26c16c5c,~
code-creation,Stub,2,0x5c42f340,1453,"RecordWriteStub"
code-creation,Stub,2,0x5c42f900,1789,"RecordWriteStub"
code-creation,Stub,2,0x5c430000,506,"FastNewClosureStub"
code-creation,Stub,2,0x5c430200,382,"CallFunctionStub_Args2_Recording"
code-creation,Stub,2,0x5c430380,382,"CallFunctionStub_Args3_Recording"
code-creation,Stub,2,0x5c430500,193,"CallFunctionStub_Args42"
code-creation,Stub,2,0x5c4305e0,190,"CallFunctionStub_Args6"
code-creation,LazyCompile,0,0x5c4306a0,2536,"SetUpArray native array.js:1166:20",0x26c16a74,~
code-creation,Stub,2,0x5c4310a0,274,"CallFunctionStub_Args1"
code-creation,LazyCompile,0,0x5c4311c0,296,"SetUpArray.b native array.js:1173:15",0x26c177d4,~
code-creation,LazyCompile,0,0x5c431300,480,"hasOwnProperty native v8natives.js:140:30",0x26c11c0c,~
code-creation,Stub,13,0x5c4314e0,136,"ToBooleanStub(Bool)"
code-creation,LazyCompile,0,0x5c431580,224,"ToName native runtime.js:342:16",0x26c0fee4,~
code-creation,LazyCompile,0,0x5c431660,652,"ToString native runtime.js:327:18",0x26c0fe2c,~
code-creation,Stub,3,0x5c431900,98,"hasOwnProperty"
code-creation,LoadIC,6,0x5c431980,93,"hasOwnProperty"
code-creation,Stub,3,0x5c4319e0,73,"ToName"
code-creation,LoadIC,6,0x5c431a40,93,"ToName"
code-creation,Stub,3,0x5c431aa0,73,"ToString"
code-creation,LoadIC,6,0x5c431b00,93,"ToString"
code-creation,Stub,3,0x5c431b60,70,"push"
code-creation,KeyedLoadIC,7,0x5c431bc0,105,"push"
code-creation,Stub,3,0x5c431c40,70,"concat"
code-creation,Stub,6,0x5c431ca0,145,"FunctionPrototypeStub"
code-creation,LoadIC,6,0x5c431d40,93,"length"
code-creation,LoadIC,6,0x5c431da0,93,"length"
code-creation,LoadPolymorphicIC,6,0x5c431e00,105,"length"
code-creation,Stub,2,0x5c431e80,281,"FastCloneShallowArrayStub"
code-creation,Script,0,0x5c431fa0,440,"native string.js",0x26c18ff8,~
code-creation,Stub,2,0x5c432160,193,"CallFunctionStub_Args72"
code-creation,LazyCompile,0,0x5c432240,1196,"SetUpString native string.js:617:21",0x26c18d7c,~
code-creation,LazyCompile,0,0x5c432700,416,"StringConstructor native string.js:2:27",0x26c17dac,~
code-creation,LazyCompile,0,0x5c432700,416,"StringConstructor native string.js:2:27",0x26c17dac,~
code-creation,Script,0,0x5c4328a0,248,"native uri.js",0x26c1a450,~
code-creation,LazyCompile,0,0x5c4329a0,340,"SetUpUri native uri.js:312:18",0x26c1a318,~
code-creation,Script,0,0x5c432b00,640,"native math.js",0x26c1b30c,~
code-creation,LazyCompile,0,0x5c432d80,128,"MathConstructor native math.js:4:25",0x26c1a9c8,~
code-creation,LazyCompile,0,0x5c432e00,1064,"SetUpMath native math.js:153:19",0x26c1b154,~
code-creation,LoadIC,6,0x5c433240,93,"length"
code-creation,LoadIC,6,0x5c4332a0,93,"length"
code-creation,Stub,2,0x5c433300,190,"CallFunctionStub_Args7"
code-creation,Stub,2,0x5c4333c0,190,"CallFunctionStub_Args14"
code-creation,Stub,2,0x5c433480,190,"CallFunctionStub_Args5"
code-creation,Stub,2,0x5c433540,193,"CallFunctionStub_Args32"
code-creation,StoreInitialize,8,0x5c433620,84,"args_count: 0"
code-creation,Script,0,0x5c433680,2124,"native messages.js",0x26c1e7d0,~
code-creation,LazyCompile,0,0x5c433ee0,188," native messages.js:241:25",0x26c1e738,~
code-creation,LazyCompile,0,0x5c433ee0,188," native messages.js:241:25",0x26c1e738,~
code-creation,LoadIC,6,0x5c433fa0,93,"length"
code-creation,LoadMegamorphic,6,0x5c434000,266,"args_count: 0"
code-creation,Stub,2,0x5c434120,382,"CallFunctionStub_Args1_Recording"
code-creation,LazyCompile,0,0x5c4342a0,456,"SetUpError native messages.js:832:20",0x26c1cc9c,~
code-creation,LazyCompile,0,0x5c434480,688,"SetUpError.a native messages.js:833:15",0x26c21358,~
code-creation,Stub,2,0x5c434740,834,"BinaryOpWithAllocationSiteStub(ADD_CreateAllocationMementos:String*String->String)"
code-creation,Stub,10,0x5c434aa0,74,"BinaryOpICWithAllocationSiteStub(ADD_CreateAllocationMementos:String*String->String)"
code-creation,Stub,10,0x5c434b00,74,"BinaryOpICWithAllocationSiteStub(ADD_CreateAllocationMementos:String*String->String)"
code-creation,Stub,11,0x5c434b60,141,"CompareICStub"
code-creation,LazyCompile,0,0x5c434c00,128,"d native messages.js:838:15",0x26c21674,~
code-creation,LazyCompile,0,0x5c434c80,400," native messages.js:848:20",0x26c216d0,~
code-creation,LazyCompile,0,0x5c434c80,400," native messages.js:848:20",0x26c216d0,~
code-creation,LoadIC,6,0x5c434e20,93,"name"
code-creation,Stub,3,0x5c434e80,73,"global"
code-creation,LoadIC,6,0x5c434ee0,93,"global"
code-creation,Stub,3,0x5c434f40,73,"builtins"
code-creation,LoadIC,6,0x5c434fa0,93,"builtins"
code-creation,Stub,2,0x5c435000,217,"FastNewContextStub"
code-creation,LazyCompile,0,0x5c4350e0,620,"captureStackTrace native messages.js:808:27",0x26c1cc40,~
code-creation,Stub,13,0x5c435360,128,"ToBooleanStub(Undefined)"
code-creation,LazyCompile,0,0x5c434c80,400," native messages.js:848:20",0x26c216d0,~
code-creation,Stub,3,0x5c4353e0,73,"$Error"
code-creation,LoadIC,6,0x5c435440,93,"$Error"
code-creation,Stub,3,0x5c4354a0,73,"captureStackTrace"
code-creation,LoadIC,6,0x5c435500,93,"captureStackTrace"
code-creation,Stub,3,0x5c435560,116,symbol(hash 388ed63)
code-creation,LoadIC,6,0x5c4355e0,93,"stackTraceLimit"
code-creation,LazyCompile,0,0x5c434c80,400," native messages.js:848:20",0x26c216d0,~
code-creation,LazyCompile,0,0x5c434c80,400," native messages.js:848:20",0x26c216d0,~
code-creation,LazyCompile,0,0x5c434c80,400," native messages.js:848:20",0x26c216d0,~
code-creation,LazyCompile,0,0x5c434c80,400," native messages.js:848:20",0x26c216d0,~
code-creation,LazyCompile,0,0x5c434c80,400," native messages.js:848:20",0x26c216d0,~
code-creation,StorePreMonomorphic,8,0x5c435640,84,"args_count: 0"
code-creation,Stub,12,0x5c4356a0,124,"CompareNilICStub(NullValue)(Undefined)"
code-creation,LazyCompile,0,0x5c435720,392,"SetUpStackOverflowBoilerplate native messages.js:922:39",0x26c1ce0c,~
code-creation,LazyCompile,0,0x5c4358c0,184,"MakeRangeError native messages.js:268:24",0x26c1bd84,~
code-creation,LazyCompile,0,0x5c435980,288,"MakeGenericError native messages.js:234:26",0x26c1bbb8,~
code-creation,LazyCompile,0,0x5c435aa0,248,"FormatMessage native messages.js:244:23",0x26c1bc14,~
code-creation,LazyCompile,0,0x5c435ba0,1792,"FormatString native messages.js:152:22",0x26c1b9ec,
code-creation,Stub,10,0x5c4362a0,74,"BinaryOpICWithAllocationSiteStub(ADD_CreateAllocationMementos:String*String->String)"
code-creation,LoadIC,6,0x5c436300,93,"length"
code-creation,Stub,3,0x5c436360,116,symbol(hash 388ed63)
code-creation,LoadPolymorphicIC,6,0x5c4363e0,105,"stackTraceLimit"
code-creation,Stub,10,0x5c436460,74,"BinaryOpICWithAllocationSiteStub(ADD_CreateAllocationMementos:String*String->String)"
code-creation,Stub,10,0x5c4364c0,74,"BinaryOpICWithAllocationSiteStub(ADD_CreateAllocationMementos:String*String->String)"
code-creation,Script,0,0x5c436520,248,"native apinatives.js",0x26c21fc4,~
code-creation,Script,0,0x5c436620,648,"native date.js",0x26c23d10,~
code-creation,Stub,2,0x5c4368c0,193,"CallFunctionStub_Args92"
code-creation,LazyCompile,0,0x5c4369a0,1440,"SetUpDate native date.js:488:19",0x26c239b0,~
code-creation,Stub,2,0x5c436f40,271,"CallFunctionStub_Args0"
code-creation,Stub,11,0x5c437060,104,"CompareICStub"
code-creation,LazyCompile,0,0x5c4370e0,2100,"DateConstructor native date.js:61:25",0x26c2247c,~
code-creation,LazyCompile,0,0x5c4370e0,2100,"DateConstructor native date.js:61:25",0x26c2247c,~
code-creation,Script,0,0x5c437920,248,"native json.js",0x26c25194,~
code-creation,LazyCompile,0,0x5c437a20,264,"SetUpJSON native json.js:192:19",0x26c25060,~
code-creation,Script,0,0x5c437b40,396,"native regexp.js",0x26c25b0c,~
code-creation,Stub,2,0x5c437ce0,190,"CallFunctionStub_Args8"
code-creation,LazyCompile,0,0x5c437da0,1600,"SetUpRegExp native regexp.js:265:21",0x26c259d4,~
code-creation,LazyCompile,0,0x5c4383e0,368,"RegExpConstructor native regexp.js:46:27",0x26c254cc,~
code-creation,LazyCompile,0,0x5c4383e0,368,"RegExpConstructor native regexp.js:46:27",0x26c254cc,~
code-creation,LazyCompile,0,0x5c438560,776,"ToPrimitive native runtime.js:292:21",0x26c0fcbc,~
code-creation,Stub,2,0x5c438880,1032,"BinaryOpWithAllocationSiteStub(ADD_CreateAllocationMementos:String*Smi->String)"
code-creation,Stub,10,0x5c438ca0,74,"BinaryOpICWithAllocationSiteStub(ADD_CreateAllocationMementos:String*Smi->String)"
code-creation,Stub,10,0x5c438d00,74,"BinaryOpICWithAllocationSiteStub(ADD_CreateAllocationMementos:String*Smi->String)"
code-creation,LazyCompile,0,0x5c438d60,192,"RegExpMakeCaptureGetter native regexp.js:241:33",0x26c25978,~
code-creation,Stub,3,0x5c438e20,73,"$RegExp"
code-creation,LoadIC,6,0x5c438e80,93,"$RegExp"
code-creation,Stub,3,0x5c438ee0,73,"RegExpMakeCaptureGetter"
code-creation,LoadIC,6,0x5c438f40,93,"RegExpMakeCaptureGetter"
code-creation,Script,0,0x5c438fa0,248,"native arraybuffer.js",0x26c26738,~
code-creation,LazyCompile,0,0x5c4390a0,608,"SetUpArrayBuffer native arraybuffer.js:53:26",0x26c26678,~
code-creation,LazyCompile,0,0x5c439300,324,"ArrayBufferConstructor native arraybuffer.js:4:32",0x26c26508,~
code-creation,LazyCompile,0,0x5c439300,324,"ArrayBufferConstructor native arraybuffer.js:4:32",0x26c26508,~
code-creation,LazyCompile,0,0x5c439460,216,"InstallGetter native v8natives.js:18:23",0x26c11760,~
code-creation,Script,0,0x5c439540,980,"native typedarray.js",0x26c28474,~
code-creation,LazyCompile,0,0x5c439920,752,"SetupTypedArray native typedarray.js:867:25",0x26c279d4,~
code-creation,LazyCompile,0,0x5c439c20,712,"Uint8ArrayConstructor native typedarray.js:71:31",0x26c26b18,~
code-creation,LazyCompile,0,0x5c439c20,712,"Uint8ArrayConstructor native typedarray.js:71:31",0x26c26b18,~
code-creation,Stub,2,0x5c439f00,209,"FastNewContextStub"
code-creation,Stub,2,0x5c439fe0,506,"FastNewClosureStub"
code-creation,LazyCompile,0,0x5c43a1e0,236,"CreateSubArray native typedarray.js:755:24",0x26c27864,~
code-creation,LazyCompile,0,0x5c43a2e0,712,"Int8ArrayConstructor native typedarray.js:153:30",0x26c26c88,~
code-creation,LazyCompile,0,0x5c43a2e0,712,"Int8ArrayConstructor native typedarray.js:153:30",0x26c26c88,~
code-creation,Stub,3,0x5c43a5c0,73,"$Object"
code-creation,LoadIC,6,0x5c43a620,93,"$Object"
code-creation,Stub,3,0x5c43a680,73,"InstallGetter"
code-creation,LoadIC,6,0x5c43a6e0,93,"InstallGetter"
code-creation,Stub,3,0x5c43a740,73,"TypedArrayGetBuffer"
code-creation,LoadIC,6,0x5c43a7a0,93,"TypedArrayGetBuffer"
code-creation,Stub,3,0x5c43a800,73,"TypedArrayGetByteOffset"
code-creation,LoadIC,6,0x5c43a860,93,"TypedArrayGetByteOffset"
code-creation,Stub,3,0x5c43a8c0,73,"TypedArrayGetByteLength"
code-creation,LoadIC,6,0x5c43a920,93,"TypedArrayGetByteLength"
code-creation,Stub,3,0x5c43a980,73,"TypedArrayGetLength"
code-creation,LoadIC,6,0x5c43a9e0,93,"TypedArrayGetLength"
code-creation,Stub,3,0x5c43aa40,73,"InstallFunctions"
code-creation,LoadIC,6,0x5c43aaa0,93,"InstallFunctions"
code-creation,Stub,3,0x5c43ab00,73,"$Array"
code-creation,LoadIC,6,0x5c43ab60,93,"$Array"
code-creation,Stub,3,0x5c43abc0,73,"CreateSubArray"
code-creation,LoadIC,6,0x5c43ac20,93,"CreateSubArray"
code-creation,Stub,3,0x5c43ac80,73,"TypedArraySet"
code-creation,LoadIC,6,0x5c43ace0,93,"TypedArraySet"
code-creation,LazyCompile,0,0x5c43ad40,712,"Uint16ArrayConstructor native typedarray.js:235:32",0x26c26df8,~
code-creation,LazyCompile,0,0x5c43ad40,712,"Uint16ArrayConstructor native typedarray.js:235:32",0x26c26df8,~
code-creation,LazyCompile,0,0x5c43b020,712,"Int16ArrayConstructor native typedarray.js:317:31",0x26c26f68,~
code-creation,LazyCompile,0,0x5c43b020,712,"Int16ArrayConstructor native typedarray.js:317:31",0x26c26f68,~
code-creation,LazyCompile,0,0x5c43b300,712,"Uint32ArrayConstructor native typedarray.js:399:32",0x26c270d8,~
code-creation,LazyCompile,0,0x5c43b300,712,"Uint32ArrayConstructor native typedarray.js:399:32",0x26c270d8,~
code-creation,LazyCompile,0,0x5c43b5e0,712,"Int32ArrayConstructor native typedarray.js:481:31",0x26c27248,~
code-creation,LazyCompile,0,0x5c43b5e0,712,"Int32ArrayConstructor native typedarray.js:481:31",0x26c27248,~
code-creation,LazyCompile,0,0x5c43b8c0,712,"Float32ArrayConstructor native typedarray.js:563:33",0x26c273b8,~
code-creation,LazyCompile,0,0x5c43b8c0,712,"Float32ArrayConstructor native typedarray.js:563:33",0x26c273b8,~
code-creation,LazyCompile,0,0x5c43bba0,712,"Float64ArrayConstructor native typedarray.js:645:33",0x26c27528,~
code-creation,LazyCompile,0,0x5c43bba0,712,"Float64ArrayConstructor native typedarray.js:645:33",0x26c27528,~
code-creation,LazyCompile,0,0x5c43be80,712,"Uint8ClampedArrayConstructor native typedarray.js:727:38",0x26c27698,~
code-creation,LazyCompile,0,0x5c43be80,712,"Uint8ClampedArrayConstructor native typedarray.js:727:38",0x26c27698,~
code-creation,LazyCompile,0,0x5c43c160,948,"SetupDataView native typedarray.js:1167:23",0x26c281bc,~
code-creation,LazyCompile,0,0x5c43c520,1164,"DataViewConstructor native typedarray.js:907:29",0x26c27a30,~
code-creation,LazyCompile,0,0x5c43c520,1164,"DataViewConstructor native typedarray.js:907:29",0x26c27a30,~
code-creation,Script,0,0x5c43c9c0,372,"native object-observe.js",0x26c2b2dc,~
code-creation,LazyCompile,0,0x5c43cb40,396,"TypeMapCreateFromList native object-observe.js:80:31",0x26c2a144,~
code-creation,LazyCompile,0,0x5c43cce0,164,"TypeMapCreate native object-observe.js:71:23",0x26c2a030,~
code-creation,LazyCompile,0,0x5c43cda0,184,"nullProtoObject native object-observe.js:68:25",0x26c29fd4,~
code-creation,LazyCompile,0,0x5c43ce60,212,"TypeMapAddType native object-observe.js:74:24",0x26c2a08c,~
code-creation,LoadIC,6,0x5c43cf40,93,"length"
code-creation,Stub,3,0x5c43cfa0,73,"TypeMapAddType"
code-creation,LoadIC,6,0x5c43d000,93,"TypeMapAddType"
code-creation,LazyCompile,0,0x5c43d060,544,"SetupObjectObserve native object-observe.js:456:28",0x26c2b05c,~
code-creation,Stub,2,0x5c43d280,1448,"RecordWriteStub"
code-creation,StoreInitialize,8,0x5c43d840,84,"args_count: 0"
code-creation,Stub,2,0x5c43d8a0,382,"CallFunctionStub_Args4_Recording"
code-creation,Stub,2,0x5c43da20,274,"CallFunctionStub_Args3"
code-creation,Function,0,0x5c43db40,9136," native i18n.js:2:71",0x26c2e1d8,~
code-creation,Stub,2,0x5c43ff00,379,"CallFunctionStub_Args0_Recording"
code-creation,Script,0,0x5c440080,312,"native i18n.js",0x26c2e260,~
code-creation,StorePreMonomorphic,8,0x5c4401c0,84,"args_count: 0"
code-creation,LazyCompile,0,0x5c440220,460,"addBoundMethod native i18n.js:112:24",0x26c2c4fc,~
code-creation,LazyCompile,0,0x5c440400,956,"defineProperty native v8natives.js:831:30",0x26c128a0,~
code-creation,LazyCompile,0,0x5c4407c0,1680,"ToPropertyDescriptor native v8natives.js:270:30",0x26c12114,~
code-creation,LazyCompile,0,0x5c440e60,356,"PropertyDescriptor native v8natives.js:319:28",0x26c121cc,~
code-creation,LazyCompile,0,0x5c440fe0,164,"$Array.writable_ native v8natives.js:360:25",0x26c13b50,~
code-creation,LoadIC,6,0x5c4410a0,93,"ToName"
code-creation,LazyCompile,0,0x5c441100,164,"$Array.get_ native v8natives.js:380:27",0x26c13d78,~
code-creation,Stub,11,0x5c4411c0,141,"CompareICStub"
code-creation,LazyCompile,0,0x5c441260,164,"$Array.set_ native v8natives.js:390:18",0x26c13e8c,~
code-creation,LazyCompile,0,0x5c441320,228,"IsInconsistentDescriptor native v8natives.js:229:34",0x26c12000,~
code-creation,LazyCompile,0,0x5c441420,300,"IsAccessorDescriptor native v8natives.js:217:30",0x26c11eec,~
code-creation,LazyCompile,0,0x5c441560,144,"$Array.set_ native v8natives.js:397:21",0x26c13f44,~
code-creation,LazyCompile,0,0x5c441600,300,"IsDataDescriptor native v8natives.js:221:26",0x26c11f48,~
code-creation,LazyCompile,0,0x5c441740,144,"$Array.enumerable_ native v8natives.js:357:20",0x26c13af4,~
code-creation,LazyCompile,0,0x5c4417e0,144,"$Array.configurable_ native v8natives.js:377:23",0x26c13d1c,~
code-creation,LazyCompile,0,0x5c441880,460,"DefineOwnProperty native v8natives.js:707:27",0x26c125c0,~
code-creation,LazyCompile,0,0x5c441a60,5560,"DefineObjectProperty native v8natives.js:495:30",0x26c12508,~
code-creation,LazyCompile,0,0x5c443020,644,"ToObject native runtime.js:345:18",0x26c0ff40,~
code-creation,Stub,12,0x5c4432c0,132,"CompareNilICStub(NullValue)(MonomorphicMap)"
code-creation,Stub,12,0x5c443360,132,"CompareNilICStub(NullValue)(MonomorphicMap)"
code-creation,Stub,11,0x5c443400,477,"CompareICStub"
code-creation,LazyCompile,0,0x5c4435e0,668,"ConvertDescriptorArrayToDescriptor native v8natives.js:410:44",0x26c12228,~
code-creation,LazyCompile,0,0x5c443880,144,"$Array.writable_ native v8natives.js:367:25",0x26c13c08,~
code-creation,LazyCompile,0,0x5c443920,144,"$Array.writable_ native v8natives.js:364:24",0x26c13bac,~
code-creation,Stub,10,0x5c4439c0,136,"BinaryOpICStub(BIT_OR:Smi*Smi->Smi)"
code-creation,LazyCompile,0,0x5c443a60,144,"$Array.get_ native v8natives.js:384:27",0x26c13dd4,~
code-creation,LazyCompile,0,0x5c443b00,144,"$Array.get_ native v8natives.js:387:26",0x26c13e30,~
code-creation,Stub,3,0x5c443ba0,100,"hasValue"
code-creation,LoadIC,6,0x5c443c20,93,"hasValue"
code-creation,Stub,3,0x5c443c80,76,"LoadFieldStub"
code-creation,LoadIC,6,0x5c443ce0,93,"hasValue_"
code-creation,Stub,3,0x5c443d40,100,"hasWritable"
code-creation,LoadIC,6,0x5c443dc0,93,"hasWritable"
code-creation,Stub,3,0x5c443e20,76,"LoadFieldStub"
code-creation,LoadIC,6,0x5c443e80,93,"hasWritable_"
code-creation,LazyCompile,0,0x5c443ee0,312,"IsGenericDescriptor native v8natives.js:225:29",0x26c11fa4,~
code-creation,Stub,3,0x5c444020,100,"hasGetter"
code-creation,LoadIC,6,0x5c4440a0,93,"hasGetter"
code-creation,Stub,3,0x5c444100,76,"LoadFieldStub"
code-creation,LoadIC,6,0x5c444160,93,"hasGetter_"
code-creation,LazyCompile,0,0x5c4441c0,144,"$Array.set_ native v8natives.js:394:18",0x26c13ee8,~
code-creation,LazyCompile,0,0x5c444260,144," native v8natives.js:407:21",0x26c14058,~
code-creation,Stub,3,0x5c444300,70,"defineProperty"
code-creation,LoadIC,6,0x5c444360,93,"defineProperty"
code-creation,Stub,2,0x5c4443c0,1433,"RecordWriteStub"
code-creation,Stub,3,0x5c444960,116,"get"
code-creation,StoreIC,8,0x5c4449e0,93,"get"
code-creation,Stub,3,0x5c444a40,73,"ToPropertyDescriptor"
code-creation,LoadIC,6,0x5c444aa0,93,"ToPropertyDescriptor"
code-creation,Stub,3,0x5c444b00,73,"PropertyDescriptor"
code-creation,LoadIC,6,0x5c444b60,93,"PropertyDescriptor"
code-creation,Stub,3,0x5c444bc0,206,"value_"
code-creation,StoreIC,8,0x5c444ca0,93,"value_"
code-creation,Stub,3,0x5c444d00,206,"hasValue_"
code-creation,StoreIC,8,0x5c444de0,93,"hasValue_"
code-creation,Stub,3,0x5c444e40,206,"writable_"
code-creation,StoreIC,8,0x5c444f20,93,"writable_"
code-creation,Stub,3,0x5c444f80,206,"hasWritable_"
code-creation,StoreIC,8,0x5c445060,93,"hasWritable_"
code-creation,Stub,3,0x5c4450c0,206,"enumerable_"
code-creation,StoreIC,8,0x5c4451a0,93,"enumerable_"
code-creation,Stub,3,0x5c445200,206,"hasEnumerable_"
code-creation,StoreIC,8,0x5c4452e0,93,"hasEnumerable_"
code-creation,Stub,3,0x5c445340,206,"configurable_"
code-creation,StoreIC,8,0x5c445420,93,"configurable_"
code-creation,Stub,3,0x5c445480,206,"hasConfigurable_"
code-creation,StoreIC,8,0x5c445560,93,"hasConfigurable_"
code-creation,Stub,3,0x5c4455c0,206,"get_"
code-creation,StoreIC,8,0x5c4456a0,93,"get_"
code-creation,Stub,3,0x5c445700,206,"hasGetter_"
code-creation,StoreIC,8,0x5c4457e0,93,"hasGetter_"
code-creation,Stub,3,0x5c445840,206,"set_"
code-creation,StoreIC,8,0x5c445920,93,"set_"
code-creation,Stub,3,0x5c445980,206,"hasSetter_"
code-creation,StoreIC,8,0x5c445a60,93,"hasSetter_"
code-creation,Stub,3,0x5c445ac0,100,"setEnumerable"
code-creation,LoadIC,6,0x5c445b40,93,"setEnumerable"
code-creation,Stub,3,0x5c445ba0,73,"ToBoolean"
code-creation,LoadIC,6,0x5c445c00,93,"ToBoolean"
code-creation,LoadIC,6,0x5c445c60,93,"enumerable"
code-creation,Stub,3,0x5c445cc0,116,"enumerable_"
code-creation,StoreIC,8,0x5c445d40,93,"enumerable_"
code-creation,Stub,3,0x5c445da0,116,"hasEnumerable_"
code-creation,StoreIC,8,0x5c445e20,93,"hasEnumerable_"
code-creation,Stub,3,0x5c445e80,100,"setConfigurable"
code-creation,LoadIC,6,0x5c445f00,93,"setConfigurable"
code-creation,Stub,3,0x5c445f60,76,"LoadFieldStub"
code-creation,LoadIC,6,0x5c445fc0,93,"configurable"
code-creation,Stub,3,0x5c446020,116,"configurable_"
code-creation,StoreIC,8,0x5c4460a0,93,"configurable_"
code-creation,Stub,3,0x5c446100,116,"hasConfigurable_"
code-creation,StoreIC,8,0x5c446180,93,"hasConfigurable_"
code-creation,LoadIC,6,0x5c4461e0,93,"get"
code-creation,Stub,3,0x5c446240,100,"setGet"
code-creation,LoadIC,6,0x5c4462c0,93,"setGet"
code-creation,Stub,3,0x5c446320,116,"get_"
code-creation,StoreIC,8,0x5c4463a0,93,"get_"
code-creation,Stub,3,0x5c446400,116,"hasGetter_"
code-creation,StoreIC,8,0x5c446480,93,"hasGetter_"
code-creation,Stub,3,0x5c4464e0,73,"IsInconsistentDescriptor"
code-creation,LoadIC,6,0x5c446540,93,"IsInconsistentDescriptor"
code-creation,Stub,3,0x5c4465a0,73,"IsAccessorDescriptor"
code-creation,LoadIC,6,0x5c446600,93,"IsAccessorDescriptor"
code-creation,Stub,3,0x5c446660,73,"IsDataDescriptor"
code-creation,LoadIC,6,0x5c4466c0,93,"IsDataDescriptor"
code-creation,Stub,3,0x5c446720,73,"DefineOwnProperty"
code-creation,LoadIC,6,0x5c446780,93,"DefineOwnProperty"
code-creation,Stub,3,0x5c4467e0,73,"DefineObjectProperty"
code-creation,LoadIC,6,0x5c446840,93,"DefineObjectProperty"
code-creation,Stub,3,0x5c4468a0,73,"ToObject"
code-creation,LoadIC,6,0x5c446900,93,"ToObject"
code-creation,Stub,12,0x5c446960,124,"CompareNilICStub(NullValue)(Generic)"
code-creation,Stub,3,0x5c4469e0,73,"ConvertDescriptorArrayToDescriptor"
code-creation,LoadIC,6,0x5c446a40,93,"ConvertDescriptorArrayToDescriptor"
code-creation,Stub,3,0x5c446aa0,100,"hasEnumerable"
code-creation,LoadIC,6,0x5c446b20,93,"hasEnumerable"
code-creation,Stub,3,0x5c446b80,76,"LoadFieldStub"
code-creation,LoadIC,6,0x5c446be0,93,"hasEnumerable_"
code-creation,Stub,3,0x5c446c40,100,"isEnumerable"
code-creation,LoadIC,6,0x5c446cc0,93,"isEnumerable"
code-creation,Stub,3,0x5c446d20,76,"LoadFieldStub"
code-creation,LoadIC,6,0x5c446d80,93,"enumerable_"
code-creation,Stub,3,0x5c446de0,100,"hasConfigurable"
code-creation,LoadIC,6,0x5c446e60,93,"hasConfigurable"
code-creation,Stub,3,0x5c446ec0,76,"LoadFieldStub"
code-creation,LoadIC,6,0x5c446f20,93,"hasConfigurable_"
code-creation,Stub,3,0x5c446f80,100,"isConfigurable"
code-creation,LoadIC,6,0x5c447000,93,"isConfigurable"
code-creation,Stub,3,0x5c447060,76,"LoadFieldStub"
code-creation,LoadIC,6,0x5c4470c0,93,"configurable_"
code-creation,Stub,3,0x5c447120,73,"IsGenericDescriptor"
code-creation,LoadIC,6,0x5c447180,93,"IsGenericDescriptor"
code-creation,LoadIC,6,0x5c4471e0,93,"hasGetter"
code-creation,Stub,3,0x5c447240,100,"getGet"
code-creation,LoadIC,6,0x5c4472c0,93,"getGet"
code-creation,Stub,3,0x5c447320,76,"LoadFieldStub"
code-creation,LoadIC,6,0x5c447380,93,"get_"
code-creation,Stub,3,0x5c4473e0,100,"hasSetter"
code-creation,LoadIC,6,0x5c447460,93,"hasSetter"
code-creation,Stub,3,0x5c4474c0,76,"LoadFieldStub"
code-creation,LoadIC,6,0x5c447520,93,"hasSetter_"
code-creation,LoadPolymorphicIC,6,0x5c447580,105,"enumerable"
code-creation,LoadPolymorphicIC,6,0x5c447600,105,"configurable"
code-creation,LazyCompile,0,0x5c447680,164,"$Array.enumerable_ native v8natives.js:350:20",0x26c13a3c,~
code-creation,LazyCompile,0,0x5c447740,164,"$Array.configurable_ native v8natives.js:370:23",0x26c13c64,~
code-creation,Stub,2,0x5c447800,208,"KeyedLoadElementStub"
code-creation,KeyedLoadIC,7,0x5c4478e0,91,""
code-creation,Stub,3,0x5c447940,116,"value_"
code-creation,StoreIC,8,0x5c4479c0,93,"value_"
code-creation,Stub,3,0x5c447a20,116,"hasValue_"
code-creation,StoreIC,8,0x5c447aa0,93,"hasValue_"
code-creation,Stub,3,0x5c447b00,116,"writable_"
code-creation,StoreIC,8,0x5c447b80,93,"writable_"
code-creation,Stub,3,0x5c447be0,116,"hasWritable_"
code-creation,StoreIC,8,0x5c447c60,93,"hasWritable_"
code-creation,LoadIC,6,0x5c447cc0,93,"hasSetter"
code-creation,Stub,11,0x5c447d20,453,"CompareICStub"
code-creation,LazyCompile,0,0x5c447f00,664,"SameValue native runtime.js:367:19",0x26c100b0,~
code-creation,LazyCompile,0,0x5c4481a0,144,"$Array.configurable_ native v8natives.js:374:22",0x26c13cc0,~
code-creation,LoadIC,6,0x5c448240,93,"writable_"
code-creation,LazyCompile,0,0x5c4482a0,144,"$Array.enumerable_ native v8natives.js:354:20",0x26c13a98,~
code-creation,LoadIC,6,0x5c448340,93,"value_"
code-creation,Stub,3,0x5c4483a0,100,"setValue"
code-creation,LoadIC,6,0x5c448420,93,"setValue"
code-creation,LoadIC,6,0x5c448480,93,"value"
code-creation,Stub,3,0x5c4484e0,100,"setWritable"
code-creation,LoadIC,6,0x5c448560,93,"setWritable"
code-creation,LoadIC,6,0x5c4485c0,93,"writable"
code-creation,LoadIC,6,0x5c448620,93,"setValue"
code-creation,LoadIC,6,0x5c448680,93,"setWritable"
code-creation,LoadIC,6,0x5c4486e0,93,"setEnumerable"
code-creation,LoadIC,6,0x5c448740,93,"setConfigurable"
code-creation,LoadIC,6,0x5c4487a0,93,"hasEnumerable"
code-creation,Stub,3,0x5c448800,73,"SameValue"
code-creation,LoadIC,6,0x5c448860,93,"SameValue"
code-creation,LoadIC,6,0x5c4488c0,93,"isEnumerable"
code-creation,LoadIC,6,0x5c448920,93,"isEnumerable"
code-creation,LoadIC,6,0x5c448980,93,"hasConfigurable"
code-creation,LoadIC,6,0x5c4489e0,93,"isConfigurable"
code-creation,LoadIC,6,0x5c448a40,93,"isConfigurable"
code-creation,LoadIC,6,0x5c448aa0,93,"hasWritable"
code-creation,Stub,3,0x5c448b00,100,"isWritable"
code-creation,LoadIC,6,0x5c448b80,93,"isWritable"
code-creation,LoadIC,6,0x5c448be0,93,"isWritable"
code-creation,LoadIC,6,0x5c448c40,93,"hasValue"
code-creation,Stub,3,0x5c448ca0,100,"getValue"
code-creation,LoadIC,6,0x5c448d20,93,"getValue"
code-creation,LoadIC,6,0x5c448d80,93,"getValue"
code-creation,LoadIC,6,0x5c448de0,93,"isConfigurable"
code-creation,LoadIC,6,0x5c448e40,93,"hasWritable"
code-creation,LoadIC,6,0x5c448ea0,93,"isWritable"
code-creation,LoadIC,6,0x5c448f00,93,"hasValue"
code-creation,LoadIC,6,0x5c448f60,93,"getValue"
code-creation,LoadPolymorphicIC,6,0x5c448fc0,117,"enumerable"
code-creation,LoadPolymorphicIC,6,0x5c449040,105,"value"
